2020-04-02 00:36:48,213 - Started ethmon
2020-04-02 00:36:48,213 - System uptime is 77368.258302 seconds
2020-04-02 00:36:48,213 - Getting data....
2020-04-02 00:36:48,214 - 1
2020-04-02 00:36:48,214 - Miner socket 192.168.50.32:3333 is closed
2020-04-02 00:36:48,215 - 111
2020-04-02 00:36:48,215 - Data is empty or invalid, waiting 60 seconds for recheck... Attempt # 2
2020-04-02 00:38:55,585 - Started ethmon
2020-04-02 00:38:55,585 - System uptime is 77495.6311011 seconds
2020-04-02 00:38:55,585 - Getting data....
2020-04-02 00:38:55,585 - 1
2020-04-02 00:38:55,585 - Miner socket 192.168.50.32:3333 is closed
2020-04-02 00:38:55,586 - 111
2020-04-02 00:38:55,586 - Data is empty or invalid, waiting 60 seconds for recheck... Attempt # 2
2020-04-02 00:39:55,588 - cards :0
2020-04-02 00:39:55,589 - Number of active cards: 0
2020-04-02 00:39:55,589 - Number of active cards trigger, sending emails
2020-04-02 00:39:55,589 - GPU temp: []
2020-04-02 12:44:44,423 - Started ethmon
2020-04-02 12:44:44,423 - System uptime is 121042.740206 seconds
2020-04-02 12:44:44,424 - Getting data....
2020-04-02 12:44:44,424 - 1
2020-04-02 12:44:44,424 - Miner socket 192.168.50.32:3333 is closed
2020-04-02 12:44:44,425 - 111
2020-04-02 12:44:44,425 - Data is empty or invalid, waiting 60 seconds for recheck... Attempt # 2
2020-04-02 12:44:56,853 - Started ethmon
2020-04-02 12:44:56,853 - System uptime is 121055.171116 seconds
2020-04-02 12:44:56,854 - Getting data....
2020-04-02 12:44:56,854 - 1
2020-04-02 12:44:56,854 - Miner socket 192.168.50.34:3333 is closed
2020-04-02 12:44:56,855 - 111
2020-04-02 12:44:56,855 - Data is empty or invalid, waiting 60 seconds for recheck... Attempt # 2
2020-04-02 12:46:41,728 - Started ethmon
2020-04-02 12:46:41,729 - System uptime is 121160.046241 seconds
2020-04-02 12:46:41,729 - Getting data....
2020-04-02 12:46:41,729 - 1
2020-04-02 12:46:41,729 - Miner socket 192.168.50.34:3333 is closed
2020-04-02 12:46:41,729 - 111
2020-04-02 12:46:41,730 - Data is empty or invalid, waiting 60 seconds for recheck... Attempt # 2
2020-04-02 12:48:20,420 - Started ethmon
2020-04-02 12:48:20,421 - System uptime is 121258.738207 seconds
2020-04-02 12:48:20,421 - Getting data....
2020-04-02 12:48:20,421 - 1
2020-04-02 12:48:20,422 - Miner socket 192.168.50.34:3333 is closed
2020-04-02 12:48:20,422 - 111
2020-04-02 12:48:20,422 - Data is empty or invalid, waiting 60 seconds for recheck... Attempt # 2
2020-04-02 12:49:28,810 - Started ethmon
2020-04-02 12:49:28,811 - System uptime is 121327.128217 seconds
2020-04-02 12:49:28,811 - Getting data....
2020-04-02 12:53:29,140 - Started ethmon
2020-04-02 12:53:29,140 - System uptime is 121567.4575 seconds
2020-04-02 12:53:29,140 - Getting data....
2020-04-02 13:00:00,780 - Started ethmon
2020-04-02 13:00:00,780 - System uptime is 121959.098079 seconds
2020-04-02 13:00:00,781 - Getting data....
2020-04-02 13:00:00,783 - 3
2020-04-02 13:00:00,783 - 4
2020-04-02 13:00:00,783 - 5
2020-04-02 13:00:00,810 - 6
2020-04-02 13:00:00,811 - 111
2020-04-02 13:00:00,811 - cards :7
2020-04-02 13:00:00,811 - Number of active cards: 7
2020-04-02 13:00:00,811 - GPU temp: [u'43', u'45', u'56', u'58', u'51', u'57', u'53']
2020-04-02 13:00:00,812 - Fan speed (%): [u'41', u'43', u'50', u'54', u'44', u'50', u'46']
2020-04-02 13:00:00,812 - Fan low speed trigger, sending emails
2020-04-02 13:00:00,812 - Number of ETH invalid shares: 0
2020-04-02 13:00:00,812 - Miner uptime is 23 min
2020-04-02 13:00:00,812 - Previous hashrate is 100.00  Mh/s
2020-04-02 13:00:00,812 - Started calculating hashrate...
2020-04-02 13:00:00,813 - Getting data....
2020-04-02 13:00:00,814 - 3
2020-04-02 13:00:00,814 - 4
2020-04-02 13:00:00,815 - 5
2020-04-02 13:00:00,917 - 6
2020-04-02 13:00:10,920 - Getting data....
2020-04-02 13:00:10,922 - 3
2020-04-02 13:00:10,922 - 4
2020-04-02 13:00:10,922 - 5
2020-04-02 13:00:10,950 - 6
2020-04-02 13:11:49,926 - Started ethmon
2020-04-02 13:11:49,926 - System uptime is 122668.243614 seconds
2020-04-02 13:11:49,926 - Getting data....
2020-04-02 13:11:49,928 - 3
2020-04-02 13:11:49,929 - 4
2020-04-02 13:11:49,929 - 5
2020-04-02 13:11:49,959 - 6
2020-04-02 13:11:49,960 - 111
2020-04-02 13:11:49,960 - cards :7
2020-04-02 13:11:49,960 - Number of active cards: 7
2020-04-02 13:11:49,961 - GPU temp: [u'44', u'45', u'55', u'59', u'51', u'57', u'53']
2020-04-02 13:11:49,961 - Fan speed (%): [u'41', u'43', u'50', u'53', u'44', u'51', u'46']
2020-04-02 13:11:49,961 - Fan low speed trigger, sending emails
2020-04-02 13:11:49,961 - Number of ETH invalid shares: 0
2020-04-02 13:11:49,962 - Miner uptime is 35 min
2020-04-02 13:11:49,962 - Previous hashrate is 100.00  Mh/s
2020-04-02 13:11:49,962 - Started calculating hashrate...
2020-04-02 13:11:49,962 - Getting data....
2020-04-02 13:11:49,964 - 3
2020-04-02 13:11:49,964 - 4
2020-04-02 13:11:49,964 - 5
2020-04-02 13:11:50,054 - 6
2020-04-02 13:12:00,056 - Getting data....
2020-04-02 13:12:00,065 - 3
2020-04-02 13:12:00,066 - 4
2020-04-02 13:12:00,066 - 5
2020-04-02 13:12:00,094 - 6
2020-04-02 13:12:10,099 - Getting data....
2020-04-02 13:12:10,102 - 3
2020-04-02 13:12:10,102 - 4
2020-04-02 13:12:10,103 - 5
2020-04-02 13:12:10,135 - 6
2020-04-02 13:12:20,137 - Getting data....
2020-04-02 13:12:20,139 - 3
2020-04-02 13:12:20,139 - 4
2020-04-02 13:12:20,139 - 5
2020-04-02 13:12:20,193 - 6
2020-04-02 13:12:30,194 - Getting data....
2020-04-02 13:12:30,198 - 3
2020-04-02 13:12:30,198 - 4
2020-04-02 13:12:30,198 - 5
2020-04-02 13:12:30,242 - 6
2020-04-02 13:13:22,004 - Started ethmon
2020-04-02 13:13:22,004 - System uptime is 122760.32161 seconds
2020-04-02 13:13:22,004 - Getting data....
2020-04-02 13:13:22,057 - cards :7
2020-04-02 13:13:22,057 - Number of active cards: 7
2020-04-02 13:13:22,057 - GPU temp: [u'44', u'45', u'56', u'59', u'51', u'57', u'53']
2020-04-02 13:13:22,058 - Fan speed (%): [u'41', u'44', u'50', u'54', u'44', u'51', u'46']
2020-04-02 13:13:22,058 - Fan low speed trigger, sending emails
2020-04-02 13:13:22,059 - Number of ETH invalid shares: 0
2020-04-02 13:13:22,059 - Miner uptime is 36 min
2020-04-02 13:13:22,059 - Previous hashrate is 100.00  Mh/s
2020-04-02 13:13:22,060 - Started calculating hashrate...
2020-04-02 13:13:22,061 - Getting data....
2020-04-02 13:15:12,165 - Started ethmon
2020-04-02 13:15:12,165 - System uptime is 122870.482839 seconds
2020-04-02 13:15:12,195 - cards :7
2020-04-02 13:15:12,195 - Number of active cards: 7
2020-04-02 13:15:12,196 - GPU temp: [u'44', u'45', u'56', u'59', u'51', u'57', u'53']
2020-04-02 13:15:12,196 - Fan speed (%): [u'41', u'43', u'50', u'53', u'44', u'51', u'46']
2020-04-02 13:15:12,196 - Fan low speed trigger, sending emails
2020-04-02 13:15:12,196 - Number of ETH invalid shares: 0
2020-04-02 13:15:12,196 - Miner uptime is 38 min
2020-04-02 13:15:12,196 - Previous hashrate is 100.00  Mh/s
2020-04-02 13:15:12,196 - Started calculating hashrate...
2020-04-02 13:17:44,593 - Started ethmon
2020-04-02 13:17:44,593 - System uptime is 123022.910765 seconds
2020-04-02 13:17:44,622 - cards :7
2020-04-02 13:17:44,623 - Number of active cards: 7
2020-04-02 13:17:44,623 - GPU temp: [u'44', u'45', u'56', u'59', u'51', u'57', u'53']
2020-04-02 13:17:44,623 - Fan speed (%): [u'41', u'44', u'50', u'54', u'44', u'51', u'46']
2020-04-02 13:17:44,623 - Fan low speed trigger, sending emails
2020-04-02 13:17:44,623 - Number of ETH invalid shares: 0
2020-04-02 13:17:44,623 - Miner uptime is 40 min
2020-04-02 13:17:44,624 - Previous hashrate is 100.00  Mh/s
2020-04-02 13:17:44,624 - Started calculating hashrate...
2020-04-02 13:18:51,785 - Started ethmon
2020-04-02 13:18:51,786 - System uptime is 123090.103275 seconds
2020-04-02 13:18:51,847 - cards :7
2020-04-02 13:18:51,847 - Number of active cards: 7
2020-04-02 13:18:51,848 - GPU temp: [u'44', u'45', u'55', u'59', u'51', u'57', u'53']
2020-04-02 13:18:51,848 - Fan speed (%): [u'41', u'43', u'50', u'54', u'44', u'51', u'46']
2020-04-02 13:18:51,848 - Fan low speed trigger, sending emails
2020-04-02 13:18:51,849 - Number of ETH invalid shares: 0
2020-04-02 13:18:51,849 - Miner uptime is 42 min
2020-04-02 13:18:51,849 - Previous hashrate is 100.00  Mh/s
2020-04-02 13:18:51,849 - Started calculating hashrate...
2020-04-02 13:19:57,405 - Started ethmon
2020-04-02 13:19:57,405 - System uptime is 123155.722762 seconds
2020-04-02 13:20:38,718 - Started ethmon
2020-04-02 13:20:38,718 - System uptime is 123197.036011 seconds
2020-04-02 13:20:38,746 - {u'error': None, u'id': 0, u'result': [u'15.0 - ETH', u'43', u'153311;42;0', u'20037;22566;21725;21718;22412;22430;22419', u'0;0;0', u'off;off;off;off;off;off;off', u'44;41;45;44;56;50;59;54;51;44;57;51;53;46', u'eth-us-east1.nanopool.org:9999', u'0;0;0;0']}
2020-04-02 13:20:38,746 - cards :7
2020-04-02 13:20:38,746 - Number of active cards: 7
2020-04-02 13:20:38,747 - GPU temp: [u'44', u'45', u'56', u'59', u'51', u'57', u'53']
2020-04-02 13:20:38,747 - Fan speed (%): [u'41', u'44', u'50', u'54', u'44', u'51', u'46']
2020-04-02 13:20:38,747 - Fan low speed trigger, sending emails
2020-04-02 13:20:38,747 - Number of ETH invalid shares: 0
2020-04-02 13:20:38,747 - Miner uptime is 43 min
2020-04-02 13:20:38,747 - Previous hashrate is 100.00  Mh/s
2020-04-02 13:20:38,747 - Started calculating hashrate...
2020-04-02 13:20:38,849 - {u'error': None, u'id': 0, u'result': [u'15.0 - ETH', u'43', u'153311;42;0', u'20037;22566;21725;21718;22412;22430;22419', u'0;0;0', u'off;off;off;off;off;off;off', u'44;41;45;44;55;50;59;54;51;44;57;51;54;46', u'eth-us-east1.nanopool.org:9999', u'0;0;0;0']}
2020-04-02 13:20:48,896 - {u'error': None, u'id': 0, u'result': [u'15.0 - ETH', u'44', u'153309;42;0', u'20045;22557;21739;21712;22411;22433;22408', u'0;0;0', u'off;off;off;off;off;off;off', u'44;41;45;44;56;50;59;54;51;44;57;51;53;46', u'eth-us-east1.nanopool.org:9999', u'0;0;0;0']}
2020-04-02 13:20:58,948 - {u'error': None, u'id': 0, u'result': [u'15.0 - ETH', u'44', u'153166;42;0', u'19969;22546;21736;21715;22413;22416;22367', u'0;0;0', u'off;off;off;off;off;off;off', u'44;41;45;43;56;50;59;54;51;44;57;51;53;48', u'eth-us-east1.nanopool.org:9999', u'0;0;0;0']}
2020-04-02 13:21:08,991 - {u'error': None, u'id': 0, u'result': [u'15.0 - ETH', u'44', u'153362;42;0', u'20004;22398;21762;21754;22473;22492;22476', u'0;0;0', u'off;off;off;off;off;off;off', u'44;41;45;44;56;50;59;54;51;44;57;51;53;46', u'eth-us-east1.nanopool.org:9999', u'0;0;0;0']}
2020-04-02 13:21:19,039 - {u'error': None, u'id': 0, u'result': [u'15.0 - ETH', u'44', u'152631;42;0', u'20030;22540;21715;21719;22087;22445;22093', u'0;0;0', u'off;off;off;off;off;off;off', u'44;41;45;43;56;50;58;54;51;44;57;51;53;47', u'eth-us-east1.nanopool.org:9999', u'0;0;0;0']}
2020-04-02 13:21:39,117 - {u'error': None, u'id': 0, u'result': [u'15.0 - ETH', u'44', u'153317;42;0', u'20045;22523;21746;21733;22424;22440;22403', u'0;0;0', u'off;off;off;off;off;off;off', u'43;41;45;43;56;50;59;54;51;44;57;51;53;47', u'eth-us-east1.nanopool.org:9999', u'0;0;0;0']}
2020-04-02 13:21:49,164 - {u'error': None, u'id': 0, u'result': [u'15.0 - ETH', u'45', u'153144;43;0', u'19896;22505;21737;21722;22432;22429;22419', u'0;0;0', u'off;off;off;off;off;off;off', u'43;41;45;43;56;50;59;54;51;44;57;51;53;46', u'eth-us-east1.nanopool.org:9999', u'0;0;0;0']}
2020-04-02 13:21:59,192 - {u'error': None, u'id': 0, u'result': [u'15.0 - ETH', u'45', u'153410;43;0', u'20007;22539;21737;21729;22465;22483;22448', u'0;0;0', u'off;off;off;off;off;off;off', u'44;41;45;43;55;49;59;54;51;44;57;51;53;46', u'eth-us-east1.nanopool.org:9999', u'0;0;0;0']}
2020-04-02 13:22:09,261 - {u'error': None, u'id': 0, u'result': [u'15.0 - ETH', u'45', u'153289;43;0', u'20008;22564;21734;21730;22427;22452;22372', u'0;0;0', u'off;off;off;off;off;off;off', u'44;41;45;43;56;50;59;54;51;44;57;51;53;46', u'eth-us-east1.nanopool.org:9999', u'0;0;0;0']}
2020-04-02 13:22:19,302 - {u'error': None, u'id': 0, u'result': [u'15.0 - ETH', u'45', u'153312;43;0', u'20015;22544;21739;21711;22407;22455;22439', u'0;0;0', u'off;off;off;off;off;off;off', u'44;41;45;43;55;50;59;54;51;44;57;51;54;47', u'eth-us-east1.nanopool.org:9999', u'0;0;0;0']}
2020-04-02 13:22:39,348 - {u'error': None, u'id': 0, u'result': [u'15.0 - ETH', u'45', u'153111;43;0', u'19947;22550;21724;21589;22429;22459;22408', u'0;0;0', u'off;off;off;off;off;off;off', u'44;41;45;43;56;49;59;53;51;44;57;51;53;46', u'eth-us-east1.nanopool.org:9999', u'0;0;0;0']}
2020-04-02 13:22:49,390 - {u'error': None, u'id': 0, u'result': [u'15.0 - ETH', u'46', u'153130;43;0', u'20014;22472;21725;21714;22410;22394;22398', u'0;0;0', u'off;off;off;off;off;off;off', u'44;41;45;43;55;49;59;54;51;44;57;51;53;46', u'eth-us-east1.nanopool.org:9999', u'0;0;0;0']}
2020-04-02 13:22:55,021 - Started ethmon
2020-04-02 13:22:55,022 - System uptime is 123333.338591 seconds
2020-04-02 13:22:55,078 - {u'error': None, u'id': 0, u'result': [u'15.0 - ETH', u'46', u'153445;43;0', u'20001;22519;21750;21760;22457;22486;22468', u'0;0;0', u'off;off;off;off;off;off;off', u'44;41;45;43;55;49;59;54;51;44;57;51;53;46', u'eth-us-east1.nanopool.org:9999', u'0;0;0;0']}
2020-04-02 13:22:55,078 - cards :7
2020-04-02 13:22:55,078 - Number of active cards: 7
2020-04-02 13:22:55,079 - GPU temp: [u'44', u'45', u'55', u'59', u'51', u'57', u'53']
2020-04-02 13:22:55,079 - Fan speed (%): [u'41', u'43', u'49', u'54', u'44', u'51', u'46']
2020-04-02 13:22:55,079 - Fan low speed trigger, sending emails
2020-04-02 13:22:55,080 - Number of ETH invalid shares: 0
2020-04-02 13:22:55,080 - Miner uptime is 46 min
2020-04-02 13:22:55,080 - Previous hashrate is 100.00  Mh/s
2020-04-02 13:22:55,081 - Started calculating hashrate...
2020-04-02 13:22:55,166 - {u'error': None, u'id': 0, u'result': [u'15.0 - ETH', u'46', u'153457;43;0', u'20001;22519;21750;21760;22476;22497;22450', u'0;0;0', u'off;off;off;off;off;off;off', u'44;41;45;43;56;49;59;54;51;44;57;51;53;46', u'eth-us-east1.nanopool.org:9999', u'0;0;0;0']}
2020-04-02 13:23:05,218 - {u'error': None, u'id': 0, u'result': [u'15.0 - ETH', u'46', u'153295;43;0', u'19964;22548;21735;21734;22438;22448;22424', u'0;0;0', u'off;off;off;off;off;off;off', u'44;41;45;43;55;50;58;52;51;44;57;51;53;46', u'eth-us-east1.nanopool.org:9999', u'0;0;0;0']}
2020-04-02 13:23:15,251 - {u'error': None, u'id': 0, u'result': [u'15.0 - ETH', u'46', u'152927;44;0', u'20008;22504;21718;21729;22197;22331;22437', u'0;0;0', u'off;off;off;off;off;off;off', u'44;41;45;44;56;50;58;53;51;44;57;51;53;46', u'eth-us-east1.nanopool.org:9999', u'0;0;0;0']}
2020-04-02 13:23:42,991 - Started ethmon
2020-04-02 13:23:42,991 - System uptime is 123381.308835 seconds
2020-04-02 13:23:43,033 - {u'error': None, u'id': 0, u'result': [u'15.0 - ETH', u'46', u'153434;45;0', u'19999;22574;21768;21760;22450;22442;22438', u'0;0;0', u'off;off;off;off;off;off;off', u'44;41;45;43;56;50;59;53;51;44;57;51;54;46', u'eth-us-east1.nanopool.org:9999', u'0;0;0;0']}
2020-04-02 13:23:43,033 - cards :7
2020-04-02 13:23:43,033 - Number of active cards: 7
2020-04-02 13:23:43,034 - GPU temp: [u'44', u'45', u'56', u'59', u'51', u'57', u'54']
2020-04-02 13:23:43,034 - Fan speed (%): [u'41', u'43', u'50', u'53', u'44', u'51', u'46']
2020-04-02 13:23:43,034 - Fan low speed trigger, sending emails
2020-04-02 13:23:43,034 - Number of ETH invalid shares: 0
2020-04-02 13:23:43,035 - Miner uptime is 46 min
2020-04-02 13:23:43,035 - Previous hashrate is 100.00  Mh/s
2020-04-02 13:23:43,035 - Started calculating hashrate...
2020-04-02 13:23:43,154 - {u'error': None, u'id': 0, u'result': [u'15.0 - ETH', u'46', u'153439;45;0', u'19999;22574;21768;21760;22435;22467;22434', u'0;0;0', u'off;off;off;off;off;off;off', u'44;41;45;43;56;50;59;53;51;44;57;51;53;46', u'eth-us-east1.nanopool.org:9999', u'0;0;0;0']}
2020-04-02 13:23:43,240 - {u'error': None, u'id': 0, u'result': [u'15.0 - ETH', u'46', u'153422;45;0', u'19999;22574;21775;21736;22435;22467;22434', u'0;0;0', u'off;off;off;off;off;off;off', u'44;41;45;44;56;50;59;53;51;44;57;51;53;46', u'eth-us-east1.nanopool.org:9999', u'0;0;0;0']}
2020-04-02 13:23:43,335 - {u'error': None, u'id': 0, u'result': [u'15.0 - ETH', u'46', u'153427;45;0', u'20006;22574;21775;21736;22435;22464;22434', u'0;0;0', u'off;off;off;off;off;off;off', u'44;41;45;43;56;50;59;53;51;44;57;51;53;46', u'eth-us-east1.nanopool.org:9999', u'0;0;0;0']}
2020-04-02 13:23:43,435 - {u'error': None, u'id': 0, u'result': [u'15.0 - ETH', u'46', u'153447;45;0', u'20006;22567;21775;21736;22435;22464;22461', u'0;0;0', u'off;off;off;off;off;off;off', u'44;41;45;43;55;50;59;53;51;44;57;51;53;46', u'eth-us-east1.nanopool.org:9999', u'0;0;0;0']}
2020-04-02 13:23:43,537 - {u'error': None, u'id': 0, u'result': [u'15.0 - ETH', u'46', u'153426;45;0', u'20006;22567;21759;21731;22435;22464;22461', u'0;0;0', u'off;off;off;off;off;off;off', u'44;41;45;43;56;50;58;53;51;44;57;51;53;46', u'eth-us-east1.nanopool.org:9999', u'0;0;0;0']}
2020-04-02 13:23:43,655 - {u'error': None, u'id': 0, u'result': [u'15.0 - ETH', u'46', u'153404;45;0', u'20006;22567;21759;21731;22428;22462;22447', u'0;0;0', u'off;off;off;off;off;off;off', u'44;41;45;43;56;50;58;53;51;44;57;51;54;46', u'eth-us-east1.nanopool.org:9999', u'0;0;0;0']}
2020-04-02 13:23:43,735 - {u'error': None, u'id': 0, u'result': [u'15.0 - ETH', u'46', u'153444;45;0', u'20032;22567;21756;21747;22428;22462;22447', u'0;0;0', u'off;off;off;off;off;off;off', u'43;41;45;43;56;50;58;53;51;44;57;51;53;46', u'eth-us-east1.nanopool.org:9999', u'0;0;0;0']}
2020-04-02 13:23:43,839 - {u'error': None, u'id': 0, u'result': [u'15.0 - ETH', u'46', u'153323;45;0', u'20032;22530;21756;21747;22424;22462;22369', u'0;0;0', u'off;off;off;off;off;off;off', u'43;41;45;43;55;50;58;53;51;44;57;51;53;46', u'eth-us-east1.nanopool.org:9999', u'0;0;0;0']}
2020-04-02 13:23:43,938 - {u'error': None, u'id': 0, u'result': [u'15.0 - ETH', u'46', u'153323;45;0', u'20032;22530;21756;21747;22424;22462;22369', u'0;0;0', u'off;off;off;off;off;off;off', u'44;41;45;43;56;50;58;53;51;44;57;51;53;46', u'eth-us-east1.nanopool.org:9999', u'0;0;0;0']}
2020-04-02 13:23:44,038 - {u'error': None, u'id': 0, u'result': [u'15.0 - ETH', u'46', u'153345;45;0', u'20032;22530;21722;21767;22424;22500;22369', u'0;0;0', u'off;off;off;off;off;off;off', u'44;41;45;43;56;50;58;53;51;44;57;51;53;46', u'eth-us-east1.nanopool.org:9999', u'0;0;0;0']}
2020-04-02 13:23:44,158 - {u'error': None, u'id': 0, u'result': [u'15.0 - ETH', u'46', u'153491;45;0', u'20028;22530;21722;21767;22481;22500;22461', u'0;0;0', u'off;off;off;off;off;off;off', u'44;41;45;43;56;50;59;53;51;44;57;51;54;46', u'eth-us-east1.nanopool.org:9999', u'0;0;0;0']}
2020-04-02 13:23:44,260 - {u'error': None, u'id': 0, u'result': [u'15.0 - ETH', u'46', u'153533;45;0', u'20028;22530;21766;21765;22481;22500;22461', u'0;0;0', u'off;off;off;off;off;off;off', u'44;41;45;44;56;50;59;53;51;44;57;51;53;46', u'eth-us-east1.nanopool.org:9999', u'0;0;0;0']}
2020-04-02 13:23:44,367 - {u'error': None, u'id': 0, u'result': [u'15.0 - ETH', u'46', u'153515;45;0', u'20028;22540;21766;21765;22468;22468;22477', u'0;0;0', u'off;off;off;off;off;off;off', u'44;41;45;43;56;50;59;53;51;44;57;51;53;46', u'eth-us-east1.nanopool.org:9999', u'0;0;0;0']}
2020-04-02 13:23:44,451 - {u'error': None, u'id': 0, u'result': [u'15.0 - ETH', u'46', u'153511;45;0', u'20028;22540;21762;21765;22468;22468;22477', u'0;0;0', u'off;off;off;off;off;off;off', u'44;41;45;43;56;50;59;53;51;44;57;51;53;46', u'eth-us-east1.nanopool.org:9999', u'0;0;0;0']}
2020-04-02 13:23:44,551 - {u'error': None, u'id': 0, u'result': [u'15.0 - ETH', u'46', u'153383;45;0', u'20028;22540;21762;21736;22436;22460;22418', u'0;0;0', u'off;off;off;off;off;off;off', u'44;41;45;43;56;50;58;53;51;44;57;51;53;46', u'eth-us-east1.nanopool.org:9999', u'0;0;0;0']}
2020-04-02 13:23:44,672 - {u'error': None, u'id': 0, u'result': [u'15.0 - ETH', u'46', u'153316;45;0', u'19961;22540;21762;21736;22436;22460;22418', u'0;0;0', u'off;off;off;off;off;off;off', u'44;41;45;43;55;50;58;53;51;44;57;51;53;46', u'eth-us-east1.nanopool.org:9999', u'0;0;0;0']}
2020-04-02 13:23:44,754 - {u'error': None, u'id': 0, u'result': [u'15.0 - ETH', u'46', u'153286;45;0', u'19961;22499;21761;21749;22436;22459;22418', u'0;0;0', u'off;off;off;off;off;off;off', u'44;41;45;43;55;50;58;53;51;44;57;51;53;46', u'eth-us-east1.nanopool.org:9999', u'0;0;0;0']}
2020-04-02 13:23:44,868 - {u'error': None, u'id': 0, u'result': [u'15.0 - ETH', u'46', u'153362;45;0', u'19961;22499;21761;21749;22467;22459;22464', u'0;0;0', u'off;off;off;off;off;off;off', u'44;41;45;44;56;50;58;53;51;44;57;51;53;46', u'eth-us-east1.nanopool.org:9999', u'0;0;0;0']}
2020-04-02 13:23:44,973 - {u'error': None, u'id': 0, u'result': [u'15.0 - ETH', u'46', u'153397;45;0', u'19961;22499;21773;21771;22467;22459;22464', u'0;0;0', u'off;off;off;off;off;off;off', u'44;41;45;43;55;50;58;53;51;44;57;51;53;46', u'eth-us-east1.nanopool.org:9999', u'0;0;0;0']}
2020-04-02 13:23:45,068 - {u'error': None, u'id': 0, u'result': [u'15.0 - ETH', u'47', u'153458;45;0', u'20003;22499;21773;21771;22455;22508;22446', u'0;0;0', u'off;off;off;off;off;off;off', u'44;41;45;43;56;50;58;53;51;44;57;51;53;46', u'eth-us-east1.nanopool.org:9999', u'0;0;0;0']}
2020-04-02 13:23:45,172 - {u'error': None, u'id': 0, u'result': [u'15.0 - ETH', u'47', u'153514;45;0', u'20003;22556;21773;21771;22455;22508;22446', u'0;0;0', u'off;off;off;off;off;off;off', u'44;41;45;43;56;50;59;53;51;44;57;51;53;46', u'eth-us-east1.nanopool.org:9999', u'0;0;0;0']}
2020-04-02 13:23:45,268 - {u'error': None, u'id': 0, u'result': [u'15.0 - ETH', u'47', u'153426;45;0', u'20003;22556;21740;21759;22453;22471;22442', u'0;0;0', u'off;off;off;off;off;off;off', u'44;41;45;43;56;50;59;53;51;44;57;51;53;46', u'eth-us-east1.nanopool.org:9999', u'0;0;0;0']}
2020-04-02 13:23:45,372 - {u'error': None, u'id': 0, u'result': [u'15.0 - ETH', u'47', u'153426;45;0', u'20003;22556;21740;21759;22453;22471;22442', u'0;0;0', u'off;off;off;off;off;off;off', u'44;41;45;44;56;50;59;53;51;44;57;51;54;46', u'eth-us-east1.nanopool.org:9999', u'0;0;0;0']}
2020-04-02 13:23:45,473 - {u'error': None, u'id': 0, u'result': [u'15.0 - ETH', u'47', u'153425;45;0', u'20020;22556;21760;21759;22453;22432;22442', u'0;0;0', u'off;off;off;off;off;off;off', u'44;41;45;43;56;50;58;53;51;44;57;51;53;46', u'eth-us-east1.nanopool.org:9999', u'0;0;0;0']}
2020-04-02 13:23:45,558 - {u'error': None, u'id': 0, u'result': [u'15.0 - ETH', u'47', u'153398;45;0', u'20020;22582;21760;21759;22432;22432;22409', u'0;0;0', u'off;off;off;off;off;off;off', u'44;41;45;43;56;50;58;53;51;44;57;51;54;46', u'eth-us-east1.nanopool.org:9999', u'0;0;0;0']}
2020-04-02 13:23:45,658 - {u'error': None, u'id': 0, u'result': [u'15.0 - ETH', u'47', u'153374;45;0', u'20020;22582;21737;21759;22432;22432;22409', u'0;0;0', u'off;off;off;off;off;off;off', u'44;41;45;44;55;50;58;53;51;44;57;51;54;46', u'eth-us-east1.nanopool.org:9999', u'0;0;0;0']}
2020-04-02 13:23:45,760 - {u'error': None, u'id': 0, u'result': [u'15.0 - ETH', u'47', u'153375;45;0', u'20020;22582;21737;21749;22404;22457;22423', u'0;0;0', u'off;off;off;off;off;off;off', u'44;41;45;43;55;50;59;53;51;44;57;51;53;46', u'eth-us-east1.nanopool.org:9999', u'0;0;0;0']}
2020-04-02 13:23:45,857 - {u'error': None, u'id': 0, u'result': [u'15.0 - ETH', u'47', u'153393;45;0', u'20038;22582;21737;21749;22404;22457;22423', u'0;0;0', u'off;off;off;off;off;off;off', u'43;41;45;43;55;50;58;53;51;44;57;51;54;46', u'eth-us-east1.nanopool.org:9999', u'0;0;0;0']}
2020-04-02 13:23:45,957 - {u'error': None, u'id': 0, u'result': [u'15.0 - ETH', u'47', u'153587;45;0', u'20038;22588;21768;21767;22471;22489;22463', u'0;0;0', u'off;off;off;off;off;off;off', u'44;41;45;43;56;50;58;53;51;44;57;51;53;46', u'eth-us-east1.nanopool.org:9999', u'0;0;0;0']}
2020-04-02 13:23:46,059 - {u'error': None, u'id': 0, u'result': [u'15.0 - ETH', u'47', u'153587;45;0', u'20038;22588;21768;21767;22471;22489;22463', u'0;0;0', u'off;off;off;off;off;off;off', u'44;41;45;43;56;50;58;53;51;44;57;51;54;46', u'eth-us-east1.nanopool.org:9999', u'0;0;0;0']}
2020-04-02 13:23:46,160 - {u'error': None, u'id': 0, u'result': [u'15.0 - ETH', u'47', u'153493;45;0', u'20038;22588;21739;21736;22471;22455;22463', u'0;0;0', u'off;off;off;off;off;off;off', u'44;41;45;43;56;50;59;53;51;44;57;51;53;46', u'eth-us-east1.nanopool.org:9999', u'0;0;0;0']}
2020-04-02 13:23:46,258 - {u'error': None, u'id': 0, u'result': [u'15.0 - ETH', u'47', u'153387;45;0', u'20023;22588;21739;21736;22439;22455;22404', u'0;0;0', u'off;off;off;off;off;off;off', u'44;41;45;43;56;50;58;53;51;44;57;51;53;46', u'eth-us-east1.nanopool.org:9999', u'0;0;0;0']}
2020-04-02 13:23:46,360 - {u'error': None, u'id': 0, u'result': [u'15.0 - ETH', u'47', u'153387;45;0', u'20023;22588;21739;21736;22439;22455;22404', u'0;0;0', u'off;off;off;off;off;off;off', u'44;41;45;43;56;50;59;53;51;44;57;51;53;46', u'eth-us-east1.nanopool.org:9999', u'0;0;0;0']}
2020-04-02 13:23:46,459 - {u'error': None, u'id': 0, u'result': [u'15.0 - ETH', u'47', u'153177;45;0', u'20023;22415;21718;21729;22435;22442;22412', u'0;0;0', u'off;off;off;off;off;off;off', u'44;41;45;43;56;50;59;53;51;44;57;51;53;46', u'eth-us-east1.nanopool.org:9999', u'0;0;0;0']}
2020-04-02 13:23:46,559 - {u'error': None, u'id': 0, u'result': [u'15.0 - ETH', u'47', u'153177;45;0', u'20023;22415;21718;21729;22435;22442;22412', u'0;0;0', u'off;off;off;off;off;off;off', u'44;41;45;43;56;50;59;53;51;44;57;51;54;46', u'eth-us-east1.nanopool.org:9999', u'0;0;0;0']}
2020-04-02 13:23:46,679 - {u'error': None, u'id': 0, u'result': [u'15.0 - ETH', u'47', u'153226;45;0', u'20023;22415;21728;21738;22441;22466;22412', u'0;0;0', u'off;off;off;off;off;off;off', u'44;41;45;44;55;50;58;53;51;44;57;51;54;46', u'eth-us-east1.nanopool.org:9999', u'0;0;0;0']}
2020-04-02 13:23:46,680 - Avg hashrate: 153.41 Mh/s
2020-04-02 13:23:46,760 - {u'error': None, u'id': 0, u'result': [u'15.0 - ETH', u'47', u'153015;45;0', u'19897;22415;21728;21738;22441;22466;22327', u'0;0;0', u'off;off;off;off;off;off;off', u'44;41;45;43;56;50;59;53;51;44;57;51;53;46', u'eth-us-east1.nanopool.org:9999', u'0;0;0;0']}
2020-04-02 13:23:46,761 - cards :7
2020-04-02 13:23:46,761 - Number of active cards: 7
2020-04-02 13:23:46,761 - GPU temp: [u'44', u'45', u'56', u'59', u'51', u'57', u'53']
2020-04-02 13:23:46,761 - Fan speed (%): [u'41', u'43', u'50', u'53', u'44', u'51', u'46']
2020-04-02 13:23:46,761 - Fan low speed trigger, sending emails
2020-04-02 13:23:46,762 - Number of ETH invalid shares: 0
2020-04-02 13:23:46,762 - Miner uptime is 47 min
2020-04-02 13:23:46,762 - Previous hashrate is 153.41  Mh/s
2020-04-02 13:23:46,762 - Started calculating hashrate...
2020-04-02 13:23:46,880 - {u'error': None, u'id': 0, u'result': [u'15.0 - ETH', u'47', u'153185;45;0', u'19897;22549;21728;21738;22441;22502;22327', u'0;0;0', u'off;off;off;off;off;off;off', u'44;41;45;43;56;50;58;53;51;44;57;51;53;46', u'eth-us-east1.nanopool.org:9999', u'0;0;0;0']}
2020-04-02 13:23:46,961 - {u'error': None, u'id': 0, u'result': [u'15.0 - ETH', u'47', u'153454;45;0', u'19897;22549;21791;21767;22469;22502;22475', u'0;0;0', u'off;off;off;off;off;off;off', u'44;41;45;43;56;50;58;53;51;44;57;51;53;46', u'eth-us-east1.nanopool.org:9999', u'0;0;0;0']}
2020-04-02 13:23:47,061 - {u'error': None, u'id': 0, u'result': [u'15.0 - ETH', u'47', u'153454;45;0', u'19897;22549;21791;21767;22469;22502;22475', u'0;0;0', u'off;off;off;off;off;off;off', u'44;41;45;43;56;50;58;53;51;44;57;51;53;46', u'eth-us-east1.nanopool.org:9999', u'0;0;0;0']}
2020-04-02 13:23:47,181 - {u'error': None, u'id': 0, u'result': [u'15.0 - ETH', u'47', u'153234;45;0', u'19913;22549;21730;21730;22433;22465;22412', u'0;0;0', u'off;off;off;off;off;off;off', u'44;41;45;43;55;50;59;53;51;44;57;51;53;46', u'eth-us-east1.nanopool.org:9999', u'0;0;0;0']}
2020-04-02 13:23:47,263 - {u'error': None, u'id': 0, u'result': [u'15.0 - ETH', u'47', u'153271;45;0', u'19913;22586;21730;21730;22433;22465;22412', u'0;0;0', u'off;off;off;off;off;off;off', u'44;41;45;43;56;50;59;53;51;44;57;51;53;46', u'eth-us-east1.nanopool.org:9999', u'0;0;0;0']}
2020-04-02 13:23:47,365 - {u'error': None, u'id': 0, u'result': [u'15.0 - ETH', u'47', u'153246;45;0', u'19913;22586;21725;21730;22412;22467;22412', u'0;0;0', u'off;off;off;off;off;off;off', u'44;41;45;43;56;50;59;53;51;44;57;51;54;46', u'eth-us-east1.nanopool.org:9999', u'0;0;0;0']}
2020-04-02 13:23:47,463 - {u'error': None, u'id': 0, u'result': [u'15.0 - ETH', u'47', u'153263;45;0', u'19913;22586;21725;21728;22412;22467;22431', u'0;0;0', u'off;off;off;off;off;off;off', u'44;41;45;43;56;50;59;53;51;44;57;51;53;46', u'eth-us-east1.nanopool.org:9999', u'0;0;0;0']}
2020-04-02 13:23:47,565 - {u'error': None, u'id': 0, u'result': [u'15.0 - ETH', u'47', u'153382;45;0', u'20032;22586;21725;21728;22412;22467;22431', u'0;0;0', u'off;off;off;off;off;off;off', u'44;41;45;43;56;50;59;53;51;44;57;51;53;46', u'eth-us-east1.nanopool.org:9999', u'0;0;0;0']}
2020-04-02 13:23:47,682 - {u'error': None, u'id': 0, u'result': [u'15.0 - ETH', u'47', u'153283;45;0', u'20032;22565;21725;21690;22413;22459;22396', u'0;0;0', u'off;off;off;off;off;off;off', u'44;41;45;43;56;50;59;53;51;44;57;51;53;46', u'eth-us-east1.nanopool.org:9999', u'0;0;0;0']}
2020-04-02 13:23:47,783 - {u'error': None, u'id': 0, u'result': [u'15.0 - ETH', u'47', u'153283;45;0', u'20032;22565;21725;21690;22413;22459;22396', u'0;0;0', u'off;off;off;off;off;off;off', u'44;41;45;43;56;50;59;53;51;44;57;51;53;46', u'eth-us-east1.nanopool.org:9999', u'0;0;0;0']}
2020-04-02 13:23:47,866 - {u'error': None, u'id': 0, u'result': [u'15.0 - ETH', u'47', u'153536;45;0', u'20032;22565;21770;21763;22454;22468;22481', u'0;0;0', u'off;off;off;off;off;off;off', u'44;41;45;43;56;50;59;53;51;44;57;51;53;46', u'eth-us-east1.nanopool.org:9999', u'0;0;0;0']}
2020-04-02 13:23:47,983 - {u'error': None, u'id': 0, u'result': [u'15.0 - ETH', u'47', u'153520;45;0', u'20016;22565;21770;21763;22454;22468;22481', u'0;0;0', u'off;off;off;off;off;off;off', u'44;41;45;43;56;50;59;53;51;44;57;51;53;46', u'eth-us-east1.nanopool.org:9999', u'0;0;0;0']}
2020-04-02 13:23:48,089 - {u'error': None, u'id': 0, u'result': [u'15.0 - ETH', u'47', u'153471;45;0', u'20016;22543;21770;21763;22454;22441;22481', u'0;0;0', u'off;off;off;off;off;off;off', u'44;41;45;43;56;50;59;53;51;44;57;51;53;46', u'eth-us-east1.nanopool.org:9999', u'0;0;0;0']}
2020-04-02 13:23:48,185 - {u'error': None, u'id': 0, u'result': [u'15.0 - ETH', u'47', u'153370;45;0', u'20016;22543;21716;21748;22439;22441;22464', u'0;0;0', u'off;off;off;off;off;off;off', u'44;41;45;43;56;50;59;53;51;44;57;51;53;46', u'eth-us-east1.nanopool.org:9999', u'0;0;0;0']}
2020-04-02 13:23:48,284 - {u'error': None, u'id': 0, u'result': [u'15.0 - ETH', u'47', u'153370;45;0', u'20016;22543;21716;21748;22439;22441;22464', u'0;0;0', u'off;off;off;off;off;off;off', u'44;41;45;43;56;50;59;53;51;44;57;51;54;46', u'eth-us-east1.nanopool.org:9999', u'0;0;0;0']}
2020-04-02 13:23:48,384 - {u'error': None, u'id': 0, u'result': [u'15.0 - ETH', u'47', u'153278;45;0', u'20016;22543;21723;21721;22389;22464;22419', u'0;0;0', u'off;off;off;off;off;off;off', u'44;41;45;43;56;50;59;53;51;44;57;51;53;46', u'eth-us-east1.nanopool.org:9999', u'0;0;0;0']}
2020-04-02 13:23:48,485 - {u'error': None, u'id': 0, u'result': [u'15.0 - ETH', u'47', u'153216;45;0', u'19953;22543;21723;21721;22389;22464;22419', u'0;0;0', u'off;off;off;off;off;off;off', u'44;41;45;44;56;50;59;53;51;44;57;51;53;46', u'eth-us-east1.nanopool.org:9999', u'0;0;0;0']}
2020-04-02 13:23:48,585 - {u'error': None, u'id': 0, u'result': [u'15.0 - ETH', u'47', u'153101;45;0', u'19953;22442;21723;21721;22409;22425;22426', u'0;0;0', u'off;off;off;off;off;off;off', u'44;41;45;43;56;50;59;53;51;44;57;51;53;46', u'eth-us-east1.nanopool.org:9999', u'0;0;0;0']}
2020-04-02 13:23:48,684 - {u'error': None, u'id': 0, u'result': [u'15.0 - ETH', u'47', u'153116;45;0', u'19953;22442;21734;21725;22409;22425;22426', u'0;0;0', u'off;off;off;off;off;off;off', u'44;41;45;43;56;50;59;53;51;44;57;51;54;46', u'eth-us-east1.nanopool.org:9999', u'0;0;0;0']}
2020-04-02 13:23:48,784 - {u'error': None, u'id': 0, u'result': [u'15.0 - ETH', u'47', u'153127;45;0', u'19953;22442;21734;21725;22409;22435;22426', u'0;0;0', u'off;off;off;off;off;off;off', u'44;41;45;43;56;50;59;53;51;44;57;51;54;46', u'eth-us-east1.nanopool.org:9999', u'0;0;0;0']}
2020-04-02 13:23:48,888 - {u'error': None, u'id': 0, u'result': [u'15.0 - ETH', u'47', u'153216;45;0', u'19986;22442;21750;21751;22424;22435;22426', u'0;0;0', u'off;off;off;off;off;off;off', u'44;41;45;43;56;50;59;53;51;44;57;51;53;46', u'eth-us-east1.nanopool.org:9999', u'0;0;0;0']}
2020-04-02 13:23:48,985 - {u'error': None, u'id': 0, u'result': [u'15.0 - ETH', u'47', u'153283;45;0', u'19986;22509;21750;21751;22424;22435;22426', u'0;0;0', u'off;off;off;off;off;off;off', u'44;41;45;43;56;50;59;53;51;44;57;51;53;46', u'eth-us-east1.nanopool.org:9999', u'0;0;0;0']}
2020-04-02 13:23:49,086 - {u'error': None, u'id': 0, u'result': [u'15.0 - ETH', u'47', u'153352;45;0', u'19986;22509;21733;21751;22446;22469;22455', u'0;0;0', u'off;off;off;off;off;off;off', u'44;41;45;43;56;50;59;53;51;44;57;51;53;46', u'eth-us-east1.nanopool.org:9999', u'0;0;0;0']}
2020-04-02 13:23:49,188 - {u'error': None, u'id': 0, u'result': [u'15.0 - ETH', u'47', u'153340;45;0', u'19986;22509;21733;21738;22446;22469;22455', u'0;0;0', u'off;off;off;off;off;off;off', u'44;41;45;43;56;50;58;53;51;44;57;51;53;46', u'eth-us-east1.nanopool.org:9999', u'0;0;0;0']}
2020-04-02 13:23:49,286 - {u'error': None, u'id': 0, u'result': [u'15.0 - ETH', u'47', u'153305;45;0', u'20046;22509;21733;21738;22438;22438;22399', u'0;0;0', u'off;off;off;off;off;off;off', u'44;41;45;43;56;50;59;53;51;44;57;51;53;46', u'eth-us-east1.nanopool.org:9999', u'0;0;0;0']}
2020-04-02 13:23:49,387 - {u'error': None, u'id': 0, u'result': [u'15.0 - ETH', u'47', u'153397;45;0', u'20046;22592;21744;21736;22438;22438;22399', u'0;0;0', u'off;off;off;off;off;off;off', u'44;41;45;43;56;50;59;53;51;44;57;51;53;46', u'eth-us-east1.nanopool.org:9999', u'0;0;0;0']}
2020-04-02 13:23:49,491 - {u'error': None, u'id': 0, u'result': [u'15.0 - ETH', u'47', u'153413;45;0', u'20046;22592;21744;21736;22438;22453;22399', u'0;0;0', u'off;off;off;off;off;off;off', u'44;41;45;44;56;50;59;53;51;44;57;51;54;46', u'eth-us-east1.nanopool.org:9999', u'0;0;0;0']}
2020-04-02 13:23:49,587 - {u'error': None, u'id': 0, u'result': [u'15.0 - ETH', u'47', u'153361;45;0', u'20046;22592;21708;21723;22419;22453;22415', u'0;0;0', u'off;off;off;off;off;off;off', u'44;41;45;43;56;50;59;53;51;44;57;51;54;46', u'eth-us-east1.nanopool.org:9999', u'0;0;0;0']}
2020-04-02 13:23:49,692 - {u'error': None, u'id': 0, u'result': [u'15.0 - ETH', u'47', u'153363;45;0', u'20048;22592;21708;21723;22419;22453;22415', u'0;0;0', u'off;off;off;off;off;off;off', u'44;41;45;43;56;50;59;53;51;44;57;51;54;46', u'eth-us-east1.nanopool.org:9999', u'0;0;0;0']}
2020-04-02 13:23:49,804 - {u'error': None, u'id': 0, u'result': [u'15.0 - ETH', u'47', u'153364;45;0', u'20048;22586;21708;21723;22437;22429;22430', u'0;0;0', u'off;off;off;off;off;off;off', u'43;41;45;44;56;50;59;53;51;44;57;51;54;46', u'eth-us-east1.nanopool.org:9999', u'0;0;0;0']}
2020-04-02 13:23:49,900 - {u'error': None, u'id': 0, u'result': [u'15.0 - ETH', u'47', u'153389;45;0', u'20048;22586;21700;21756;22437;22429;22430', u'0;0;0', u'off;off;off;off;off;off;off', u'43;41;45;43;56;50;59;53;51;44;57;51;54;46', u'eth-us-east1.nanopool.org:9999', u'0;0;0;0']}
2020-04-02 13:23:49,993 - {u'error': None, u'id': 0, u'result': [u'15.0 - ETH', u'47', u'153537;45;0', u'20048;22586;21700;21756;22471;22493;22479', u'0;0;0', u'off;off;off;off;off;off;off', u'44;41;45;43;56;50;59;53;51;44;57;51;54;46', u'eth-us-east1.nanopool.org:9999', u'0;0;0;0']}
2020-04-02 13:23:50,094 - {u'error': None, u'id': 0, u'result': [u'15.0 - ETH', u'47', u'153524;45;0', u'20025;22586;21736;21731;22471;22493;22479', u'0;0;0', u'off;off;off;off;off;off;off', u'44;41;45;43;56;50;59;53;51;44;57;51;54;46', u'eth-us-east1.nanopool.org:9999', u'0;0;0;0']}
2020-04-02 13:23:50,195 - {u'error': None, u'id': 0, u'result': [u'15.0 - ETH', u'47', u'153483;45;0', u'20025;22586;21736;21731;22471;22451;22479', u'0;0;0', u'off;off;off;off;off;off;off', u'44;41;45;44;56;50;59;53;51;44;57;51;53;46', u'eth-us-east1.nanopool.org:9999', u'0;0;0;0']}
2020-04-02 13:23:50,294 - {u'error': None, u'id': 0, u'result': [u'15.0 - ETH', u'47', u'153400;45;0', u'20025;22565;21736;21731;22455;22451;22433', u'0;0;0', u'off;off;off;off;off;off;off', u'44;41;45;44;56;50;59;53;51;44;57;51;53;46', u'eth-us-east1.nanopool.org:9999', u'0;0;0;0']}
2020-04-02 13:23:50,393 - {u'error': None, u'id': 0, u'result': [u'15.0 - ETH', u'47', u'153379;45;0', u'20025;22565;21729;21717;22455;22451;22433', u'0;0;0', u'off;off;off;off;off;off;off', u'44;41;45;44;56;50;59;53;51;44;57;51;53;46', u'eth-us-east1.nanopool.org:9999', u'0;0;0;0']}
2020-04-02 13:23:50,394 - Avg hashrate: 153.34 Mh/s
2020-04-02 13:23:50,496 - {u'error': None, u'id': 0, u'result': [u'15.0 - ETH', u'47', u'153331;45;0', u'20025;22565;21729;21717;22419;22485;22387', u'0;0;0', u'off;off;off;off;off;off;off', u'44;41;45;43;56;50;59;53;51;44;57;51;53;46', u'eth-us-east1.nanopool.org:9999', u'0;0;0;0']}
2020-04-02 13:23:50,496 - cards :7
2020-04-02 13:23:50,497 - Number of active cards: 7
2020-04-02 13:23:50,497 - GPU temp: [u'44', u'45', u'56', u'59', u'51', u'57', u'53']
2020-04-02 13:23:50,498 - Fan speed (%): [u'41', u'43', u'50', u'53', u'44', u'51', u'46']
2020-04-02 13:23:50,498 - Fan low speed trigger, sending emails
2020-04-02 13:23:50,498 - Number of ETH invalid shares: 0
2020-04-02 13:23:50,498 - Miner uptime is 47 min
2020-04-02 13:23:50,499 - Previous hashrate is 153.34  Mh/s
2020-04-02 13:23:50,499 - Started calculating hashrate...
2020-04-02 13:23:50,597 - {u'error': None, u'id': 0, u'result': [u'15.0 - ETH', u'47', u'153293;45;0', u'19984;22565;21726;21724;22419;22485;22387', u'0;0;0', u'off;off;off;off;off;off;off', u'44;41;45;43;56;50;59;53;51;44;57;51;54;46', u'eth-us-east1.nanopool.org:9999', u'0;0;0;0']}
2020-04-02 13:23:50,695 - {u'error': None, u'id': 0, u'result': [u'15.0 - ETH', u'47', u'153191;45;0', u'19984;22526;21726;21724;22378;22463;22387', u'0;0;0', u'off;off;off;off;off;off;off', u'44;41;45;43;56;50;59;53;51;44;57;51;54;46', u'eth-us-east1.nanopool.org:9999', u'0;0;0;0']}
2020-04-02 13:23:50,795 - {u'error': None, u'id': 0, u'result': [u'15.0 - ETH', u'47', u'153189;45;0', u'19984;22526;21727;21724;22378;22463;22384', u'0;0;0', u'off;off;off;off;off;off;off', u'44;41;45;43;56;50;59;53;51;44;57;51;53;46', u'eth-us-east1.nanopool.org:9999', u'0;0;0;0']}
2020-04-02 13:23:50,903 - {u'error': None, u'id': 0, u'result': [u'15.0 - ETH', u'47', u'153237;45;0', u'19984;22526;21727;21741;22378;22494;22384', u'0;0;0', u'off;off;off;off;off;off;off', u'44;41;45;44;56;50;59;53;51;44;57;51;54;46', u'eth-us-east1.nanopool.org:9999', u'0;0;0;0']}
2020-04-02 13:23:50,994 - {u'error': None, u'id': 0, u'result': [u'15.0 - ETH', u'47', u'153352;45;0', u'20008;22526;21727;21741;22404;22494;22450', u'0;0;0', u'off;off;off;off;off;off;off', u'44;41;45;43;56;50;59;53;51;44;57;51;54;46', u'eth-us-east1.nanopool.org:9999', u'0;0;0;0']}
2020-04-02 13:23:51,096 - {u'error': None, u'id': 0, u'result': [u'15.0 - ETH', u'47', u'153414;45;0', u'20008;22569;21745;21741;22404;22494;22450', u'0;0;0', u'off;off;off;off;off;off;off', u'44;41;45;44;56;50;59;53;51;44;57;51;53;46', u'eth-us-east1.nanopool.org:9999', u'0;0;0;0']}
2020-04-02 13:23:51,199 - {u'error': None, u'id': 0, u'result': [u'15.0 - ETH', u'47', u'153415;45;0', u'20008;22569;21745;21741;22448;22449;22451', u'0;0;0', u'off;off;off;off;off;off;off', u'44;41;45;43;56;50;59;53;51;44;57;51;53;46', u'eth-us-east1.nanopool.org:9999', u'0;0;0;0']}
2020-04-02 13:23:51,304 - {u'error': None, u'id': 0, u'result': [u'15.0 - ETH', u'47', u'153376;45;0', u'20008;22569;21727;21720;22448;22449;22451', u'0;0;0', u'off;off;off;off;off;off;off', u'44;41;45;43;56;50;59;53;51;44;57;51;54;46', u'eth-us-east1.nanopool.org:9999', u'0;0;0;0']}
2020-04-02 13:23:51,395 - {u'error': None, u'id': 0, u'result': [u'15.0 - ETH', u'47', u'153407;45;0', u'20032;22569;21727;21720;22445;22458;22451', u'0;0;0', u'off;off;off;off;off;off;off', u'44;41;45;43;56;50;59;53;51;44;57;51;54;46', u'eth-us-east1.nanopool.org:9999', u'0;0;0;0']}
2020-04-02 13:23:51,497 - {u'error': None, u'id': 0, u'result': [u'15.0 - ETH', u'47', u'153365;45;0', u'20032;22538;21727;21720;22445;22458;22441', u'0;0;0', u'off;off;off;off;off;off;off', u'44;41;45;43;56;50;59;53;51;44;57;51;54;46', u'eth-us-east1.nanopool.org:9999', u'0;0;0;0']}
2020-04-02 13:23:51,598 - {u'error': None, u'id': 0, u'result': [u'15.0 - ETH', u'47', u'153373;45;0', u'20032;22538;21739;21733;22445;22441;22441', u'0;0;0', u'off;off;off;off;off;off;off', u'44;41;45;43;56;50;59;53;51;44;57;51;53;46', u'eth-us-east1.nanopool.org:9999', u'0;0;0;0']}
2020-04-02 13:23:51,711 - {u'error': None, u'id': 0, u'result': [u'15.0 - ETH', u'47', u'153362;45;0', u'20032;22538;21739;21733;22416;22441;22459', u'0;0;0', u'off;off;off;off;off;off;off', u'44;41;45;44;56;50;59;53;51;44;57;51;54;46', u'eth-us-east1.nanopool.org:9999', u'0;0;0;0']}
2020-04-02 13:23:51,826 - {u'error': None, u'id': 0, u'result': [u'15.0 - ETH', u'47', u'153233;45;0', u'19961;22538;21722;21692;22416;22441;22459', u'0;0;0', u'off;off;off;off;off;off;off', u'44;41;45;43;55;50;59;53;51;44;57;51;54;46', u'eth-us-east1.nanopool.org:9999', u'0;0;0;0']}
2020-04-02 13:23:51,906 - {u'error': None, u'id': 0, u'result': [u'15.0 - ETH', u'47', u'153327;45;0', u'19961;22572;21722;21692;22471;22451;22455', u'0;0;0', u'off;off;off;off;off;off;off', u'44;41;45;43;56;50;59;53;51;44;57;51;53;46', u'eth-us-east1.nanopool.org:9999', u'0;0;0;0']}
2020-04-02 13:23:52,006 - {u'error': None, u'id': 0, u'result': [u'15.0 - ETH', u'47', u'153327;45;0', u'19961;22572;21722;21692;22471;22451;22455', u'0;0;0', u'off;off;off;off;off;off;off', u'44;41;45;43;56;50;59;53;51;44;57;51;53;46', u'eth-us-east1.nanopool.org:9999', u'0;0;0;0']}
2020-04-02 13:23:52,106 - {u'error': None, u'id': 0, u'result': [u'15.0 - ETH', u'47', u'153348;45;0', u'19961;22572;21744;21704;22471;22439;22455', u'0;0;0', u'off;off;off;off;off;off;off', u'44;41;45;43;56;50;59;53;51;44;57;51;53;46', u'eth-us-east1.nanopool.org:9999', u'0;0;0;0']}
2020-04-02 13:23:52,207 - {u'error': None, u'id': 0, u'result': [u'15.0 - ETH', u'47', u'153316;45;0', u'19961;22572;21744;21704;22448;22439;22445', u'0;0;0', u'off;off;off;off;off;off;off', u'44;41;45;43;55;50;59;53;51;44;57;51;53;46', u'eth-us-east1.nanopool.org:9999', u'0;0;0;0']}
2020-04-02 13:23:52,314 - {u'error': None, u'id': 0, u'result': [u'15.0 - ETH', u'47', u'153293;45;0', u'19933;22572;21747;21705;22448;22439;22445', u'0;0;0', u'off;off;off;off;off;off;off', u'44;41;45;44;56;50;59;53;51;44;57;51;54;46', u'eth-us-east1.nanopool.org:9999', u'0;0;0;0']}
2020-04-02 13:23:52,407 - {u'error': None, u'id': 0, u'result': [u'15.0 - ETH', u'47', u'153058;45;0', u'19933;22504;21747;21705;22435;22312;22418', u'0;0;0', u'off;off;off;off;off;off;off', u'43;41;45;43;56;50;59;53;51;44;57;51;54;46', u'eth-us-east1.nanopool.org:9999', u'0;0;0;0']}
2020-04-02 13:23:52,507 - {u'error': None, u'id': 0, u'result': [u'15.0 - ETH', u'47', u'153046;45;0', u'19933;22504;21735;21705;22435;22312;22418', u'0;0;0', u'off;off;off;off;off;off;off', u'44;41;46;44;56;50;59;53;51;44;57;51;54;46', u'eth-us-east1.nanopool.org:9999', u'0;0;0;0']}
2020-04-02 13:23:52,613 - {u'error': None, u'id': 0, u'result': [u'15.0 - ETH', u'47', u'153204;45;0', u'19933;22504;21735;21718;22426;22458;22427', u'0;0;0', u'off;off;off;off;off;off;off', u'44;41;46;44;56;50;59;53;51;44;57;51;54;46', u'eth-us-east1.nanopool.org:9999', u'0;0;0;0']}
2020-04-02 13:23:52,707 - {u'error': None, u'id': 0, u'result': [u'15.0 - ETH', u'47', u'153034;45;0', u'19764;22504;21735;21718;22426;22458;22427', u'0;0;0', u'off;off;off;off;off;off;off', u'43;41;46;43;55;50;59;53;51;44;57;51;53;46', u'eth-us-east1.nanopool.org:9999', u'0;0;0;0']}
2020-04-02 13:23:52,808 - {u'error': None, u'id': 0, u'result': [u'15.0 - ETH', u'47', u'153173;45;0', u'19764;22558;21761;21757;22426;22478;22427', u'0;0;0', u'off;off;off;off;off;off;off', u'44;41;45;44;56;50;59;53;51;44;57;51;53;46', u'eth-us-east1.nanopool.org:9999', u'0;0;0;0']}
2020-04-02 13:24:17,289 - Started ethmon
2020-04-02 13:24:17,289 - System uptime is 123415.606825 seconds
2020-04-02 13:24:17,336 - cards :7
2020-04-02 13:24:17,336 - Number of active cards: 7
2020-04-02 13:24:17,337 - GPU temp: [u'44', u'45', u'55', u'59', u'51', u'57', u'53']
2020-04-02 13:24:17,337 - Fan speed (%): [u'41', u'43', u'50', u'54', u'44', u'51', u'46']
2020-04-02 13:24:17,337 - Fan low speed trigger, sending emails
2020-04-02 13:24:17,338 - Number of ETH invalid shares: 0
2020-04-02 13:24:17,338 - Miner uptime is 47 min
2020-04-02 13:24:17,338 - Previous hashrate is 100.00  Mh/s
2020-04-02 13:24:17,339 - Started calculating hashrate...
2020-04-02 13:31:19,010 - Avg hashrate: 153.23 Mh/s
2020-04-02 13:31:19,039 - cards :7
2020-04-02 13:31:19,040 - Number of active cards: 7
2020-04-02 13:31:19,040 - GPU temp: [u'44', u'45', u'56', u'59', u'51', u'57', u'53']
2020-04-02 13:31:19,041 - Fan speed (%): [u'41', u'43', u'49', u'54', u'44', u'51', u'46']
2020-04-02 13:31:19,041 - Fan low speed trigger, sending emails
2020-04-02 13:31:19,041 - Number of ETH invalid shares: 0
2020-04-02 13:31:19,041 - Miner uptime is 54 min
2020-04-02 13:31:19,042 - Previous hashrate is 153.23  Mh/s
2020-04-02 13:31:19,042 - Started calculating hashrate...
2020-04-02 13:38:20,902 - Avg hashrate: 153.24 Mh/s
2020-04-02 13:38:20,930 - cards :7
2020-04-02 13:38:20,930 - Number of active cards: 7
2020-04-02 13:38:20,930 - GPU temp: [u'43', u'45', u'56', u'59', u'51', u'57', u'53']
2020-04-02 13:38:20,931 - Fan speed (%): [u'41', u'43', u'50', u'54', u'44', u'51', u'46']
2020-04-02 13:38:20,931 - Fan low speed trigger, sending emails
2020-04-02 13:38:20,931 - Number of ETH invalid shares: 0
2020-04-02 13:38:20,931 - Miner uptime is 61 min
2020-04-02 13:38:20,932 - Previous hashrate is 153.24  Mh/s
2020-04-02 13:38:20,932 - Started calculating hashrate...
2020-04-03 20:43:47,788 - Started ethmon
2020-04-03 20:43:47,789 - System uptime is 236185.190654 seconds
2020-04-03 20:43:47,834 - cards :7
2020-04-03 20:43:47,835 - Number of active cards: 7
2020-04-03 20:43:47,835 - GPU temp: [u'44', u'46', u'56', u'59', u'52', u'58', u'54']
2020-04-03 20:43:47,836 - Fan speed (%): [u'41', u'44', u'50', u'54', u'44', u'52', u'48']
2020-04-03 20:43:47,836 - Fan low speed trigger, sending emails
2020-04-03 20:43:47,836 - Number of ETH invalid shares: 0
2020-04-03 20:43:47,837 - Miner uptime is 1927 min
2020-04-03 20:43:47,837 - Previous hashrate is 100.00  Mh/s
2020-04-03 20:43:47,837 - Started calculating hashrate...
2020-04-03 23:10:41,986 - Started ethmon
2020-04-03 23:10:41,987 - System uptime is 244999.389495 seconds
2020-04-03 23:10:41,987 - Checking if miner is running...
2020-04-03 23:10:42,020 - Miner is not running, sending email
2020-04-03 23:10:42,020 - Starting miner.
2020-04-03 23:10:42,020 - Waiting for retry.
2020-04-03 23:11:12,024 - Checking if miner is running...
2020-04-03 23:11:12,063 - Miner is not running, sending email
2020-04-03 23:11:12,063 - Starting miner.
2020-04-03 23:11:12,064 - Waiting for retry.
2020-04-03 23:13:16,258 - Started ethmon
2020-04-03 23:13:16,258 - System uptime is 245153.661282 seconds
2020-04-03 23:13:16,258 - Checking if miner is running...
2020-04-03 23:13:16,331 - Miner is not running, sending email
2020-04-03 23:13:16,331 - Starting miner.
2020-04-03 23:13:16,332 - Waiting for retry.
2020-04-03 23:13:49,239 - Started ethmon
2020-04-03 23:13:49,240 - System uptime is 245186.642945 seconds
2020-04-03 23:13:49,240 - Checking if miner is running...
2020-04-03 23:13:49,318 - Miner is not running, sending email
2020-04-03 23:13:49,318 - Starting miner.
2020-04-03 23:13:49,318 - Waiting for retry.
2020-04-03 23:14:21,590 - Started ethmon
2020-04-03 23:14:21,590 - System uptime is 245218.993555 seconds
2020-04-03 23:14:21,590 - Checking if miner is running...
2020-04-03 23:14:21,638 - Miner is not running, sending email
2020-04-03 23:14:21,638 - Starting miner.
2020-04-03 23:14:21,638 - Waiting for retry.
2020-04-03 23:18:01,913 - Started ethmon
2020-04-03 23:18:01,914 - System uptime is 245439.316658 seconds
2020-04-03 23:18:01,946 - cards :7
2020-04-03 23:18:01,946 - Number of active cards: 7
2020-04-03 23:18:01,946 - GPU temp: [u'42', u'44', u'55', u'58', u'50', u'56', u'53']
2020-04-03 23:18:01,947 - Fan speed (%): [u'40', u'43', u'49', u'52', u'43', u'50', u'46']
2020-04-03 23:18:01,947 - Fan low speed trigger, sending emails
2020-04-03 23:18:01,947 - Number of ETH invalid shares: 0
2020-04-03 23:18:01,947 - Miner uptime is 2081 min
2020-04-03 23:18:01,947 - Previous hashrate is 100.00  Mh/s
2020-04-03 23:18:01,948 - Started calculating hashrate...
2020-04-04 00:07:27,560 - Started ethmon
2020-04-04 00:07:27,561 - System uptime is 248404.963652 seconds
2020-04-04 00:07:27,612 - cards :7
2020-04-04 00:07:27,612 - Number of active cards: 7
2020-04-04 00:07:27,613 - GPU temp: [u'43', u'44', u'55', u'58', u'50', u'56', u'53']
2020-04-04 00:07:27,613 - Fan speed (%): [u'40', u'43', u'49', u'52', u'43', u'50', u'46']
2020-04-04 00:07:27,613 - Fan low speed trigger, sending emails
2020-04-04 00:07:27,614 - Number of ETH invalid shares: 0
2020-04-04 00:07:27,614 - Miner uptime is 2130 min
2020-04-04 00:07:27,614 - Previous hashrate is 100.00  Mh/s
2020-04-04 00:07:27,614 - Started calculating hashrate...
2020-04-04 00:09:30,494 - Started ethmon
2020-04-04 00:09:30,495 - System uptime is 248527.897953 seconds
2020-04-04 00:09:30,565 - cards :7
2020-04-04 00:09:30,566 - Number of active cards: 7
2020-04-04 00:09:30,566 - GPU temp: [u'43', u'44', u'54', u'58', u'50', u'56', u'53']
2020-04-04 00:09:30,566 - Fan speed (%): [u'39', u'42', u'48', u'52', u'43', u'50', u'46']
2020-04-04 00:09:30,567 - Fan low speed trigger, sending emails
2020-04-04 00:09:30,567 - Number of ETH invalid shares: 0
2020-04-04 00:09:30,567 - Miner uptime is 2132 min
2020-04-04 00:09:30,567 - Previous hashrate is 100.00  Mh/s
2020-04-04 00:09:30,568 - Started calculating hashrate...
